<?xml version="1.0" encoding="UTF-8"?>
<!-- Generated by org.testng.reporters.JUnitReportReporter -->
<testsuite hostname="TCOEW42SLPC6899" failures="0" tests="2" name="smallPrograms.smallPrograms" time="0.005" errors="0" timestamp="2022-05-31T12:13:10 IST" skipped="1">
  <testcase classname="smallPrograms.smallPrograms" name="subString1" time="0.005"/>
  <system-out/>
  <testcase classname="smallPrograms.smallPrograms" name="duplicateElement">
    <skipped/>
  </testcase> <!-- duplicateElement -->
  <system-out/>
</testsuite> <!-- smallPrograms.smallPrograms -->
